# JRE version: Java(TM) SE Runtime Environment (17.0.17+8) (build 17.0.17+8-LTS-360)
# Java VM: Java HotSpot(TM) 64-Bit Server VM (17.0.17+8-LTS-360, mixed mode, sharing, tiered, compressed oops, compressed class ptrs, g1 gc, windows-amd64)
GC Precious Log:
 CPUs: 12 total, 12 available
 Memory: 16024M
 Large Page Support: Disabled
 NUMA Support: Disabled
 Compressed Oops: Enabled (Zero based)
 Heap Region Size: 4M
 Heap Min Capacity: 8M
 Heap Initial Capacity: 252M
 Heap Max Capacity: 6G
 Pre-touch: Disabled
 Parallel Workers: 10
 Concurrent Workers: 3
 Concurrent Refinement Workers: 10
 Periodic GC: Disabled
Heap:
 garbage-first heap   total 1187840K, used 783883K [0x0000000680000000, 0x0000000800000000)
  region size 4096K, 4 young (16384K), 4 survivors (16384K)
 Metaspace       used 156992K, committed 159360K, reserved 1048576K
  class space    used 21779K, committed 22912K, reserved 851968K
GC Heap History (20 events):
Event: 1678.548 GC heap after
{Heap after GC invocations=88 (full 0):
 garbage-first heap   total 1187840K, used 669794K [0x0000000680000000, 0x0000000800000000)
  region size 4096K, 5 young (20480K), 5 survivors (20480K)
 Metaspace       used 148357K, committed 150592K, reserved 983040K
  class space    used 20314K, committed 21376K, reserved 851968K
}
Event: 1679.497 GC heap before
{Heap before GC invocations=88 (full 0):
 garbage-first heap   total 1187840K, used 989282K [0x0000000680000000, 0x0000000800000000)
  region size 4096K, 83 young (339968K), 5 survivors (20480K)
 Metaspace       used 148375K, committed 150592K, reserved 983040K
  class space    used 20316K, committed 21376K, reserved 851968K
}
Event: 1679.520 GC heap after
{Heap after GC invocations=89 (full 0):
 garbage-first heap   total 1187840K, used 689534K [0x0000000680000000, 0x0000000800000000)
  region size 4096K, 10 young (40960K), 10 survivors (40960K)
 Metaspace       used 148375K, committed 150592K, reserved 983040K
  class space    used 20316K, committed 21376K, reserved 851968K
}
Event: 1680.361 GC heap before
{Heap before GC invocations=89 (full 0):
 garbage-first heap   total 1187840K, used 996734K [0x0000000680000000, 0x0000000800000000)
  region size 4096K, 85 young (348160K), 10 survivors (40960K)
 Metaspace       used 148377K, committed 150592K, reserved 983040K
  class space    used 20316K, committed 21376K, reserved 851968K
}
Event: 1680.387 GC heap after
{Heap after GC invocations=90 (full 0):
 garbage-first heap   total 1187840K, used 708926K [0x0000000680000000, 0x0000000800000000)
  region size 4096K, 11 young (45056K), 11 survivors (45056K)
 Metaspace       used 148377K, committed 150592K, reserved 983040K
  class space    used 20316K, committed 21376K, reserved 851968K
}
Event: 1681.905 GC heap before
{Heap before GC invocations=90 (full 0):
 garbage-first heap   total 1187840K, used 999742K [0x0000000680000000, 0x0000000800000000)
  region size 4096K, 82 young (335872K), 11 survivors (45056K)
 Metaspace       used 151882K, committed 154176K, reserved 1048576K
  class space    used 20932K, committed 22016K, reserved 851968K
}
Event: 1681.928 GC heap after
{Heap after GC invocations=91 (full 0):
 garbage-first heap   total 1187840K, used 719859K [0x0000000680000000, 0x0000000800000000)
  region size 4096K, 8 young (32768K), 8 survivors (32768K)
 Metaspace       used 151882K, committed 154176K, reserved 1048576K
  class space    used 20932K, committed 22016K, reserved 851968K
}
Event: 1682.671 GC heap before
{Heap before GC invocations=91 (full 0):
 garbage-first heap   total 1187840K, used 1010675K [0x0000000680000000, 0x0000000800000000)
  region size 4096K, 79 young (323584K), 8 survivors (32768K)
 Metaspace       used 151934K, committed 154240K, reserved 1048576K
  class space    used 20937K, committed 22016K, reserved 851968K
}
Event: 1682.697 GC heap after
{Heap after GC invocations=92 (full 0):
 garbage-first heap   total 1187840K, used 739613K [0x0000000680000000, 0x0000000800000000)
  region size 4096K, 8 young (32768K), 8 survivors (32768K)
 Metaspace       used 151934K, committed 154240K, reserved 1048576K
  class space    used 20937K, committed 22016K, reserved 851968K
}
Event: 1683.696 GC heap before
{Heap before GC invocations=92 (full 0):
 garbage-first heap   total 1187840K, used 1014045K [0x0000000680000000, 0x0000000800000000)
  region size 4096K, 75 young (307200K), 8 survivors (32768K)
 Metaspace       used 152076K, committed 154368K, reserved 1048576K
  class space    used 20949K, committed 22016K, reserved 851968K
}
Event: 1683.722 GC heap after
{Heap after GC invocations=93 (full 0):
 garbage-first heap   total 1187840K, used 756453K [0x0000000680000000, 0x0000000800000000)
  region size 4096K, 10 young (40960K), 10 survivors (40960K)
 Metaspace       used 152076K, committed 154368K, reserved 1048576K
  class space    used 20949K, committed 22016K, reserved 851968K
}
Event: 1684.642 GC heap before
{Heap before GC invocations=93 (full 0):
 garbage-first heap   total 1187840K, used 1010405K [0x0000000680000000, 0x0000000800000000)
  region size 4096K, 72 young (294912K), 10 survivors (40960K)
 Metaspace       used 152169K, committed 154432K, reserved 1048576K
  class space    used 20954K, committed 22016K, reserved 851968K
}
Event: 1684.665 GC heap after
{Heap after GC invocations=94 (full 0):
 garbage-first heap   total 1187840K, used 766637K [0x0000000680000000, 0x0000000800000000)
  region size 4096K, 6 young (24576K), 6 survivors (24576K)
 Metaspace       used 152169K, committed 154432K, reserved 1048576K
  class space    used 20954K, committed 22016K, reserved 851968K
}
Event: 1686.057 GC heap before
{Heap before GC invocations=94 (full 0):
 garbage-first heap   total 1187840K, used 1012397K [0x0000000680000000, 0x0000000800000000)
  region size 4096K, 66 young (270336K), 6 survivors (24576K)
 Metaspace       used 153125K, committed 155392K, reserved 1048576K
  class space    used 21099K, committed 22144K, reserved 851968K
}
Event: 1686.081 GC heap after
{Heap after GC invocations=95 (full 0):
 garbage-first heap   total 1187840K, used 764653K [0x0000000680000000, 0x0000000800000000)
  region size 4096K, 5 young (20480K), 5 survivors (20480K)
 Metaspace       used 153125K, committed 155392K, reserved 1048576K
  class space    used 21099K, committed 22144K, reserved 851968K
}
Event: 1688.126 GC heap before
{Heap before GC invocations=95 (full 0):
 garbage-first heap   total 1187840K, used 1022701K [0x0000000680000000, 0x0000000800000000)
  region size 4096K, 68 young (278528K), 5 survivors (20480K)
 Metaspace       used 155094K, committed 157312K, reserved 1048576K
  class space    used 21435K, committed 22464K, reserved 851968K
}
Event: 1688.153 GC heap after
{Heap after GC invocations=96 (full 0):
 garbage-first heap   total 1187840K, used 782681K [0x0000000680000000, 0x0000000800000000)
  region size 4096K, 9 young (36864K), 9 survivors (36864K)
 Metaspace       used 155094K, committed 157312K, reserved 1048576K
  class space    used 21435K, committed 22464K, reserved 851968K
}
Event: 1688.780 GC heap before
{Heap before GC invocations=96 (full 0):
 garbage-first heap   total 1187840K, used 1020249K [0x0000000680000000, 0x0000000800000000)
  region size 4096K, 67 young (274432K), 9 survivors (36864K)
 Metaspace       used 155701K, committed 157952K, reserved 1048576K
  class space    used 21560K, committed 22656K, reserved 851968K
}
Event: 1688.810 GC heap after
{Heap after GC invocations=97 (full 0):
 garbage-first heap   total 1187840K, used 786002K [0x0000000680000000, 0x0000000800000000)
  region size 4096K, 5 young (20480K), 5 survivors (20480K)
 Metaspace       used 155701K, committed 157952K, reserved 1048576K
  class space    used 21560K, committed 22656K, reserved 851968K
}
Event: 1689.664 GC heap before
{Heap before GC invocations=97 (full 0):
 garbage-first heap   total 1187840K, used 1027666K [0x0000000680000000, 0x0000000800000000)
  region size 4096K, 64 young (262144K), 5 survivors (20480K)
 Metaspace       used 156992K, committed 159360K, reserved 1048576K
  class space    used 21779K, committed 22912K, reserved 851968K
}

